Monday, 16-Jan-2017 22:28:08 - restore started
Monday, 16-Jan-2017 22:28:08 - wp version     : 4.6.1
Monday, 16-Jan-2017 22:28:08 - php version    : 5.6.8
Monday, 16-Jan-2017 22:28:08 - mysql version  : 5.6.24
Monday, 16-Jan-2017 22:28:08 - memory limit   : 1024M
Monday, 16-Jan-2017 22:28:08 - execution time : 600
Monday, 16-Jan-2017 22:28:08 - mysql timeout  : 600
Monday, 16-Jan-2017 22:28:08 - socket timeout : 600
Monday, 16-Jan-2017 22:28:08 - file download started
Monday, 16-Jan-2017 22:31:07 - download finished, filesize - 71.13 MB
Monday, 16-Jan-2017 22:31:07 - extracting database using ziparchive
Monday, 16-Jan-2017 22:31:07 - database import started
Monday, 16-Jan-2017 22:31:08 - updating mysql query with current site's url - new query : "INSERT INTO wp82_options VALUES("1", "siteurl", "http://localhost/petvivo/src/", "yes")"
Monday, 16-Jan-2017 22:31:11 - mysql query failed. error : 1065 Query was empty - query : ""
Monday, 16-Jan-2017 22:31:11 - database import finished
Monday, 16-Jan-2017 22:31:11 - search and replace started
Monday, 16-Jan-2017 22:31:11 - there are 52 tables to scan
Monday, 16-Jan-2017 22:31:12 - search and replace finished
Monday, 16-Jan-2017 22:31:12 - extracting archive using ziparchive
Monday, 16-Jan-2017 22:31:17 - copying files..
Monday, 16-Jan-2017 22:31:32 - deleting temp directory..
Monday, 16-Jan-2017 22:31:37 - deleting downloaded zip file..
Monday, 16-Jan-2017 22:31:37 - restore finished
